name: Kenneth Cho
id: 2325383
course: CPSC350
project name: Project 1

GTGAGGA
AGCCA
CATCCA
CTCAAT
CCGCT
CTTGAG
CTAGGCC
GGTTGA
AATCTGG
CACAAGT
GGTCCGA
CATAGG
CAGCTGT
CCTGGACG
AAATGCG
ACCGCGC
TTACAAT
CTTAAG
AACTCGG
AAGTAC
GCAGACC
CAACTC
GAAAG
ATAAGT
TATATT
CTTGTAC
GCTAGTA
CGACGTC
TTAG
CATTT
CAGTTAAA
TTGCTA
TACGGA
CAGAAG
GGGGCC
GGACGA
GAATACG
TACCTAT
TTTCTCT
TATACT
AGCTTT
GAGGCCA
TGAAGTG
GTGTAA
TGCCGAC
GGGTTC
CCACATTT
ACAGCTC
TCATAA
CCACATA
AGTACGC
TCGCGCA
TTCTA
ACTGG
ATATTG
CCAAAG
TAACGA
GTACAG
GGAAAGG
CAACA
TCGTGTG
AGATCT
CTGTAAG
GAAGA
GAGCAT
CTGTGTC
CATAGG
CGCTTC
TCTTAG
CAGGTG
CATCTAT
ACGGCC
ACCTGC
CGGGGC
CCGACAT
CAGTG
TAAGTAG
CCTGGGA
GTCCAGT
ACTTC
TTAGCC
CGTTGTGT
CAGGCACT
GCCGTTA
AAAGCAC
GTTTAC
CATCCAG
TCTACT
GAATCAC
GCCACCT
AGGTC
AAAGCG
AAACTC
TGAAT
GGAGCC
AATTCTC
CCACGCT
CATCATGTG
GGGGT
GCTTTT
TGTCG
GACAT
ATGCAG
AATCGG
TAGGGTG
TGCGAAGT
TGGCG
CGTGAG
CCGTGG
GGTGTT
AATGAC
AAGTT
TTCACTT
CGAACC
TAAGG
GGGGCAGG
CCTAAC
GGTCAC
GGGCCCAT
GTAGTGAA
CGCCCCC
CACGGTC
TCCGCGC
CACGGC
CCCTCT
CTTTACC
CTCGAT
ACCACA
TAGGA
CTGGGT
CAAGGT
ACCGCCCA
CCGAAGC
ATCCCA
TGACA
GTAATC
CTCTGA
ATCTT
GGCCCCT
GTACACGG
TAACGC
TGATTG
GATTACG
TTGTGAC
ACGAGG
CGCACTC
CGGGAG
CAAGTA
GTAAGTG
TACATA
TCTCTT
ATTAGCCA
ACGTTCT
ATTGT
AGCAGATA
GCGGCAA
TTGTCT
CGCTAAG
ATTCCTC
TCGCCTG
ATACGG
GTAGTA
GCGCTAA
CGGATT
CTCAGA
ATCAACTC
CAATGT
ATACAG
GTCTCA
GGGCAG
AACGAGT
GTGAACA
TCTCAC
TCGTT
ATGACTA
AGTAGT
AAAGGTG
TCCGGTT
CGTCGC
AACTGTC
CGATACT
CCTATT
GCATCG
GTGTAAT
TTGCCG
GTACCT
GAAGATA

CTTGTC
ATATCG
ATCCTG
ATTACG
GTGCCTC
GCTGCG
AGTAATC
GCCTTT
AGAGAA
GTCGACT
CCTCC
GGGATCC
CGATTGC
AGTTCCT
GCCGTC
AGCAAA
GAAAATAC
ACTAC
TCTGGA
GTAGAC
GTCTCG
TGGTAC
CCGGCCG
TGCCCG
GAAGTT
CCACGA
ACTCGTG
GGCTTT
ACTTTCCT
CAGCATC
ATTTCT
TACCATC
AAACCT
CGCGAAAG
CCAACTTC
AAATCG
ACATATA
GTGAAAT
GAAGCT
AAGAT
TGGTATA
GTCATG
GAAACTC
ACAGCG
GTAGTT
TCATTGC
CAATGA
TATTCT
TCATGGA
TCTTCGC
GCCAAA
GGTCACCG
CGCAAGA
CTGAATG
ATTACT
ACGACGC
CGTGTG
CTTCATC
GATGTA
ACAGAA
AGAGTG
GGGCAG
TATGAG
AGAACA
GCCAAC
TCAAACC
CAATCGC
CCGAATGAC
CTCAG
CTCAAGAA
CTCTAGCC
ACGGGGCC
GTAGATG
CTTCAT
ATATGC
CAGAGTCA
CAGGTA
CTGTGC
GCTCAT
GAAACGC

AACTCC
CTAACA
ACTAAG
TCATGCT
GTTGCA
AAGCGA
TGGTTA
ATCTGAT
GTCCTT
AATGGTAT
ATAT
CTCATGC
ACCGTCT
CGCTCAT
ACGAAG
GAGTGC
ACATCT
GAATCGA

AAACAAAT
CTCCC
TTCGCTC
TCTGTAAT
CGGGGAG
GGTTG
TAAGAAT
TTAACT
GTAGCGA
TTTGGGA
AATAC
ATTCCCT
GGGCACG
AATGAT
AAAGCG
GTTGCT
CCATT
ACGCGT
AAGGACA
TGTGCC
TTTCGT
GAATTTA
ACATA
GTCTC
ATGTAC
ACCAAA
GGTCCT
TGCTTCA
CCGAG
AAGTCA
TTCCAGT
AGACCA
TGTGAG
GTGTAA
CCGAAT
TTCACC
ACCATAC
TAAAAG

AATCT
AACGTCG
GTCATTC
CGCGTC
AGTTT
GCTTCGT
TAAAC
TATTTTG
GTCC
AAACAG
TAGTT
CTACC
CCCACG
TAATCGC
TACACA
ATGTAT
CAGCGTT
GGTATGT
CCGGTA
GGTACAA
ATCTC
CCGCGA
CTCGAAA
ATACGG
CATTAC
CGGACG
AAAAC
GCGTCCGG
GGGTCAT
CCCAAC
GCAATT
TGGTCC
TCCAA
CAGGTAG
CACGGT
GGCCTAC
TGGACA
GATAAAT
CATAGAG
AACGTTAGT
AGTACCA
GATGT
CCGCGAC
ACACTAA
ATTCCA
TAGCGA
GGCTTC
CTCGC
GGACCAC
GTCATG

GAAGAGT
TGCCGTT
GGTATC
TTCAGTT
CATTTA
GACCAC
AGGCGAC
CAATGC
GGGCGA
CGTAAC
TCTAATC
GTGTTT
GTGGTCC
CGACCAA
AATGG
TCCTTC
TCATTG
AACGCGT
CTAGCGT
CTGAGAG
CCATG
AATATACC
AGGGGC
CTCCACG
GAGGCAA
GTCCTCT
GTCCG
GCGCGC
CGTATTA
TACGCT
AACTCAGT
CCGCGCT
ACTAG
TGCGAT
CGGTCGTA
AAAGTTT
TGAATG
TCCCACAT
AACGAA
CGTTGT
CATCACG
TCTTTTG
ATCAGA
TTCCATC
ACTGACA
TTCGGT
TGAAG
GTTGTTCC
GAGAAC
ATGGTG
GGAGCTC
TGACGC
TCGCGAT
GAAAGA
GAGGTCT
AACCGC
CCGCGTT
TGATGT
CCGGAT
CGGGCACA
GCGCCC
AGAATT
AGACT
CAAGACT
TCCAACAC
CAAAACT
ATAGGCA
TGCACAT
CCCTC
GCTTGC
TAACTACAT
ATGAGAG
TAATTC
TAATAGA
GGGTAAG
CTCCTCA
CCTTTAG
ATATTC
GGCTGTA
ACCACTT
TCAGAC
CCGAATC
TCTTGT
CTACTC
GTGAGTC
AATCGTG
CGGTCG
TCGACC
CATGGCGC
CAGGC
GGGGCC
CTAGGA
TGCGAA
CGATT
GGGTAC
CACATCA
GTTATAC
CAGCCT
TACTCCA
TACCGCT
AGTCTCG
TCTCAC
CCGACC
TTAGGCG
AATGGG
TTATCAG
GGATCTGC
GGTTCGC
CTCTGCA
CAGAGAT
TTTAGT
AGTACC
GGAGAGTA
TGTCAGC
TCCAGCC
ACCGCCT
TTACGG
CTCCTC
TTGCAC
GGCCCTT
TACGCCC
TTCAAAT
AATATAC
TATGGATC
GCGTCAG
CTCGAG
GGAGTTG
GTATGTC
CCTTGC
CGGGC
AAAAGAG
AAAGGA
TCAGTGA
TTTTAACG
AATATAAT
TTTCAT
GTAAGAC
GCTCAGG
ACTAGCG
GCTGCG
GTTCCGGT
TTAGCAA
TGTTCC
GTTAC
TATCCA
CGTCGC
GACGTG
GAGTCCG
GGGGCT
GGCTGGG
AGTCG
TTTGAA
AGCCCAA
CCGTTTT
TCGTTT
CAACTAC
ACGACGT
CTTCAAA
GACGTCCA
CTCAAAG
CGGTGT
TTGTTAA
GTGTGAG
CCGCAGTG
TTGGAG
GGCGAAC
CAACTAT
TTTAT
GCGATT
AGACT
GCTTCT
AAATGA
GTGTGA
GGGGCTA
ACGTC
TCAACGA
TTGCT
ACGCACT
GGGGTG
CGTTAT
GTCCA
CTTGATAG
AGCTAG
CCTAAT
TAAAGG
GCTCTCA
CTGTCCC
AGTTGAT
GTCCAGA
GATATG
TTTGGTAC
GGACAGT
CTTGCAC

CAAACA
GGTTAGCC
CGCGCA
GGCGC
CCTGCC
GGCATA
ATTGC
CTCTGGA
TGACC
GGAAGT
TCTTCA
ATCATC
CCAAGAAG
CAACAC
CAGTG
TTTGGTA
ACACGAG
GCAAAG
ACGTGTT
TAGAGCG
GTCGAAT
CTTTAA
CATAGG
TGGCAC
ACGAAT
ATAAAGA
TGTGGA
CTCAGT
ACAATCA
CAGGACG
AGTGTGA
GCAACTC
CGCCAA
ACATCCGG
CGTGCT
CGTGTGC
CCTTGCAT
ATCCGG
CATTCAT
CTTCAAA
CGCAGCC
TGAGAG
GCGACGG
AGAAA
CGTATGT
TGGATAA
TTCTCTG
TAGGTAA
GCTTG
ACGCC
GTTTGAT
TTGTTGG
CGGAAC
CAACA
TAAAATT
TCGAACT
TACTCC
GGGTA
CGAAGT
ACTGAT
GTTCG
ACACGGA
GCGGAAA
GCATAG
AATCCG
ACAAAGCT
ACAATA
TATTCCG
CTACCC
CAAT
TTTCCT
CAGGTG
TAATCA
GGCCTGT
CATGGAAT
TCAAAAT
CCTTATG
ATCTAGG
GGCACAG
AGCGTCC
GTATG
CTGCGC
AATTAA
GATGTGT
GCAGAC
GAACAC
ACCAGA
ACCGCGT
GACG
GTGCCT
TCGATAT
CACGAC
AGCGTT
CGAACC
TCCGAA
AGGTG
GATCG
CAGCGAC

AGGACG
GCGATCT
CAGATAA
TTTGA
CTACAT
ATCCATA
GCTTTAC
TCTAAGA
CAGCGGC
GTTTAA
TTTCCA
TAAACAC
GCTATC
AGTGAAA
TGAGT
GTAGGTC
TTAGGG
ATCGAAG
GCGGGA
AAAAACC
GGATCG
GGGTGCGG
GAGCAGT
CAAATTA
GTTTC
ACAACT
CCTACA
CAGATGGA
ATTGCC
AGCGCTTC
ACATCGC
GCTCCTA
GACGGA
AAGCGAG
TGCCTTG
CTTGGCG
ACTTGTT
GGTTAAT
ATCCTAAT
CCGGGAAC
CAAGGAA
TTCCCA
CTGTTGA
GGATAAA
ACCTACG
AGATCC
ACCGAC
CCACAT
GCTTCCT
AGTAGCC
CTAGTCA
ACGTTC
CTATAG
GACCTAC
GCAATC
GCAAAG
TGACGA
GAGAGC
AGAGGC
CCGTGCTT
AGACAGCAG
AAACC
AGAAT
TAAGTAT
AGAACT
GGGCTTT
TAAGCA
GGACAC
TGGCAA
GTGCTA
GCCGCTA
CACAGAT
GACGTC
TGGAC
GTTAT
CACCA
ATAGCAA
AAGCATG
CATCAT
CAATCC
TTTAGTGA
TGGGGGGG
CTGGT
CCGTCATT
ATGGTT
CCCTAT
CATATGG
TTTCAG
AACTTG
AGTGCAC

CGACTCG
GTGGCT

CGGGGGC
TTGATT
GAGGCGC
AATGGAC
AGTTATAT
GACTGG
ATCACT
AAACGACT
CATCA
CACAATA
GCGACA
GTGTTG
ATTCTGC
TGTT
TATGCC
GACTCCT
TTCGCA
TGTTCTC
CTAAGA
GGCGTC
ACATTAT
GTACTCG
AATCCGA
TTTTG
TAAGG
AGATTG
TGCGCC
TGATAG
GGGTTA
GGTCCC
CGTTC
CGCATA
CGCAGC
TTGCTCGC
CGGCGG
GTGGGCC
CTCTTTT
TGTCCA
AAGGACAA
CCGTCG
ATAGTA
CGGTT
TCTTT
GGGATC
AAGTG
ACCCGG
GCAGCG
AAGCGAG
GATTGTT
GGTTCTG
TGATA
TCCACGC
GCGGC
GGATGCG

ATCCGGA
TGGCACGT
GCTGCCC
TAGGTTA
GGCAT
ACCTGT
GTCGATGG
GGCTT
AAGAAT
CTAAGTC
CGGTGC
CCATAG
ACTAACC
GGTTA
AGTCCCT
TAGCCCG
ATGATA
AGCATA
TTAGAT
CAATGA
GAGTTC
TGTTAT
TCGTA
GCACCTT
TTGTAC
TTTGT
CCCTTAT
GTACGCA
CAAGCAG
GTTAA
CATAACTT
TCCTT
GGCAGG
CACTCC
ACATA
CTTAAAA
ATGGTAT
AAACGA
GGAGATT
TGTCCGA
CAAGTC
ATCCTA
AGGGCG
AAGACAG
ATCACC
AGCTGT
AGTGATT
ACAAG
CCATGT
TGCAT
TGGGTC
CTGGTGGG
TATACGG
ATCTCT
CTTTAA
GATCTT
CTCATGA
TCTCAA
AAATGTTT
CCCGAG
GGGAG
TTGAAGA
TTGGGCT
GGAAGTC
TCCCACC
TTTGAG
TGCCC
AAGCTAGC
AGCCCGC
CTTCCA
CCACCGT
ATTGTT
CGCACG
CTACTG
ATTTTTT
CTAGTC
CACCCAG
TAGGAAG

CGAAACG
CGGTTT
AAGAG
CTCCTT
ACGGAC
AACGATA
GTTTAG
GGGTTA
TAGTCC
TCCGTGA
GCTAAAT
CCTTACA
TAAATG
CGGTTAC
CAAAACC
GGGCTTA
AGGGCCT
TGCTTTT
GAGTTT
AAGACG
TATAC
CCTTAAT
AACTCT
AACCTT
AGACA
TGTTTT
TTCATT
TGGCCAA
ACTAAG
GCTCGC
CTCCAGG
CGCGACG
AGTAAT
TATCTCT
CCGTGGAT
CGTGCC
CCTC
GGCTTAC
AAGGCAC
CCCCGCT
GGGATC

GTGGTG
AGTGGAA
CGGCCC
GCCCTAG
ACGAC
ATTCCG
TTAAAA
TCATCG
TCAACGA
TTTAAA
AAGGAAT
CGTTAC
CACGCA

CCGCGAGG
ATACAA
TACCA
TTCGACT
AAGATT
CCAGGCC
GCGGAG
AAATCAAT
CCGAAA
GATGGT
GCGTTT
TCATAT
ATGCCC
TAGCATAG
TGGCGAG
TCGCGG
TCGTAGT
CCCAGA
GTCCCCC
GGGGG
TTGCCA
TTAAG
CTGAGC
CTACTCC
ACGCAT
CGGCG
TGCGAGT
TGACCCT
AGACAG
AGCACT
ATGTAATA
AAGCAA
ATTAC
CTAGAG
GGATTTA
CGCCGATT
TCTGAAG
CAGCTGT
ACACC
AGGCGCT
TTAGGC
TTGATCG
TCAAAG
TCGGCG
AATGAA
